Saved normalization variants to: /home/emap/tironi/hybrid_activity_recognition/ablations/patchtst/tmp/normalizacao_variants
[2026-04-26T09:46:15-0300] normalizacao: global_pipeline
[2026-04-26T09:46:15-0300] pretrain normalizacao_global_pipeline_d128_l3_h4_p8_s8: start
2026-04-26 09:46:16 INFO __main__: device=cuda
2026-04-26 09:46:20 INFO hybrid_activity_recognition.training.pretrain_trainer: Pretrain Ep 001/100 | loss=0.986249 | lr=1.00e-03
2026-04-26 09:46:22 INFO hybrid_activity_recognition.training.pretrain_trainer: Pretrain Ep 002/100 | loss=0.984419 | lr=9.99e-04
2026-04-26 09:46:24 INFO hybrid_activity_recognition.training.pretrain_trainer: Pretrain Ep 003/100 | loss=0.984010 | lr=9.98e-04
2026-04-26 09:46:26 INFO hybrid_activity_recognition.training.pretrain_trainer: Pretrain Ep 004/100 | loss=0.983902 | lr=9.96e-04
2026-04-26 09:46:28 INFO hybrid_activity_recognition.training.pretrain_trainer: Pretrain Ep 005/100 | loss=0.983934 | lr=9.94e-04
2026-04-26 09:46:30 INFO hybrid_activity_recognition.training.pretrain_trainer: Pretrain Ep 006/100 | loss=0.984052 | lr=9.91e-04
2026-04-26 09:46:32 INFO hybrid_activity_recognition.training.pretrain_trainer: Pretrain Ep 007/100 | loss=0.983890 | lr=9.88e-04
2026-04-26 09:46:34 INFO hybrid_activity_recognition.training.pretrain_trainer: Pretrain Ep 008/100 | loss=0.982701 | lr=9.84e-04
2026-04-26 09:46:35 INFO hybrid_activity_recognition.training.pretrain_trainer: Pretrain Ep 009/100 | loss=0.983636 | lr=9.80e-04
2026-04-26 09:46:37 INFO hybrid_activity_recognition.training.pretrain_trainer: Pretrain Ep 010/100 | loss=0.983798 | lr=9.76e-04
2026-04-26 09:46:39 INFO hybrid_activity_recognition.training.pretrain_trainer: Pretrain Ep 011/100 | loss=0.983706 | lr=9.70e-04
2026-04-26 09:46:41 INFO hybrid_activity_recognition.training.pretrain_trainer: Pretrain Ep 012/100 | loss=0.983822 | lr=9.65e-04
2026-04-26 09:46:43 INFO hybrid_activity_recognition.training.pretrain_trainer: Pretrain Ep 013/100 | loss=0.984128 | lr=9.59e-04
2026-04-26 09:46:45 INFO hybrid_activity_recognition.training.pretrain_trainer: Pretrain Ep 014/100 | loss=0.983759 | lr=9.52e-04
2026-04-26 09:46:47 INFO hybrid_activity_recognition.training.pretrain_trainer: Pretrain Ep 015/100 | loss=0.983157 | lr=9.46e-04
2026-04-26 09:46:49 INFO hybrid_activity_recognition.training.pretrain_trainer: Pretrain Ep 016/100 | loss=0.984571 | lr=9.38e-04
2026-04-26 09:46:51 INFO hybrid_activity_recognition.training.pretrain_trainer: Pretrain Ep 017/100 | loss=0.984551 | lr=9.30e-04
2026-04-26 09:46:53 INFO hybrid_activity_recognition.training.pretrain_trainer: Pretrain Ep 018/100 | loss=0.984533 | lr=9.22e-04
2026-04-26 09:46:55 INFO hybrid_activity_recognition.training.pretrain_trainer: Pretrain Ep 019/100 | loss=0.985693 | lr=9.14e-04
2026-04-26 09:46:57 INFO hybrid_activity_recognition.training.pretrain_trainer: Pretrain Ep 020/100 | loss=0.982957 | lr=9.05e-04
2026-04-26 09:46:58 INFO hybrid_activity_recognition.training.pretrain_trainer: Pretrain Ep 021/100 | loss=0.984117 | lr=8.95e-04
2026-04-26 09:47:00 INFO hybrid_activity_recognition.training.pretrain_trainer: Pretrain Ep 022/100 | loss=0.985252 | lr=8.85e-04
2026-04-26 09:47:02 INFO hybrid_activity_recognition.training.pretrain_trainer: Pretrain Ep 023/100 | loss=0.982838 | lr=8.75e-04
2026-04-26 09:47:04 INFO hybrid_activity_recognition.training.pretrain_trainer: Pretrain Ep 024/100 | loss=0.984833 | lr=8.64e-04
2026-04-26 09:47:06 INFO hybrid_activity_recognition.training.pretrain_trainer: Pretrain Ep 025/100 | loss=0.985132 | lr=8.54e-04
2026-04-26 09:47:08 INFO hybrid_activity_recognition.training.pretrain_trainer: Pretrain Ep 026/100 | loss=0.983429 | lr=8.42e-04
2026-04-26 09:47:10 INFO hybrid_activity_recognition.training.pretrain_trainer: Pretrain Ep 027/100 | loss=0.984280 | lr=8.31e-04
2026-04-26 09:47:12 INFO hybrid_activity_recognition.training.pretrain_trainer: Pretrain Ep 028/100 | loss=0.983726 | lr=8.19e-04
2026-04-26 09:47:14 INFO hybrid_activity_recognition.training.pretrain_trainer: Pretrain Ep 029/100 | loss=0.984514 | lr=8.06e-04
2026-04-26 09:47:16 INFO hybrid_activity_recognition.training.pretrain_trainer: Pretrain Ep 030/100 | loss=0.983544 | lr=7.94e-04
2026-04-26 09:47:18 INFO hybrid_activity_recognition.training.pretrain_trainer: Pretrain Ep 031/100 | loss=0.983314 | lr=7.81e-04
2026-04-26 09:47:20 INFO hybrid_activity_recognition.training.pretrain_trainer: Pretrain Ep 032/100 | loss=0.984076 | lr=7.68e-04
2026-04-26 09:47:22 INFO hybrid_activity_recognition.training.pretrain_trainer: Pretrain Ep 033/100 | loss=0.984954 | lr=7.55e-04
2026-04-26 09:47:24 INFO hybrid_activity_recognition.training.pretrain_trainer: Pretrain Ep 034/100 | loss=0.982777 | lr=7.41e-04
2026-04-26 09:47:25 INFO hybrid_activity_recognition.training.pretrain_trainer: Pretrain Ep 035/100 | loss=0.983625 | lr=7.27e-04
2026-04-26 09:47:27 INFO hybrid_activity_recognition.training.pretrain_trainer: Pretrain Ep 036/100 | loss=0.984003 | lr=7.13e-04
2026-04-26 09:47:29 INFO hybrid_activity_recognition.training.pretrain_trainer: Pretrain Ep 037/100 | loss=0.983068 | lr=6.99e-04
2026-04-26 09:47:31 INFO hybrid_activity_recognition.training.pretrain_trainer: Pretrain Ep 038/100 | loss=0.983405 | lr=6.84e-04
2026-04-26 09:47:33 INFO hybrid_activity_recognition.training.pretrain_trainer: Pretrain Ep 039/100 | loss=0.983061 | lr=6.69e-04
2026-04-26 09:47:35 INFO hybrid_activity_recognition.training.pretrain_trainer: Pretrain Ep 040/100 | loss=0.983385 | lr=6.55e-04
2026-04-26 09:47:37 INFO hybrid_activity_recognition.training.pretrain_trainer: Pretrain Ep 041/100 | loss=0.984145 | lr=6.39e-04
2026-04-26 09:47:39 INFO hybrid_activity_recognition.training.pretrain_trainer: Pretrain Ep 042/100 | loss=0.983824 | lr=6.24e-04
2026-04-26 09:47:41 INFO hybrid_activity_recognition.training.pretrain_trainer: Pretrain Ep 043/100 | loss=0.983232 | lr=6.09e-04
2026-04-26 09:47:43 INFO hybrid_activity_recognition.training.pretrain_trainer: Pretrain Ep 044/100 | loss=0.985281 | lr=5.94e-04
2026-04-26 09:47:45 INFO hybrid_activity_recognition.training.pretrain_trainer: Pretrain Ep 045/100 | loss=0.984374 | lr=5.78e-04
2026-04-26 09:47:47 INFO hybrid_activity_recognition.training.pretrain_trainer: Pretrain Ep 046/100 | loss=0.984206 | lr=5.63e-04
2026-04-26 09:47:49 INFO hybrid_activity_recognition.training.pretrain_trainer: Pretrain Ep 047/100 | loss=0.984316 | lr=5.47e-04
2026-04-26 09:47:51 INFO hybrid_activity_recognition.training.pretrain_trainer: Pretrain Ep 048/100 | loss=0.984074 | lr=5.31e-04
2026-04-26 09:47:52 INFO hybrid_activity_recognition.training.pretrain_trainer: Pretrain Ep 049/100 | loss=0.984645 | lr=5.16e-04
2026-04-26 09:47:54 INFO hybrid_activity_recognition.training.pretrain_trainer: Pretrain Ep 050/100 | loss=0.983502 | lr=5.00e-04
2026-04-26 09:47:56 INFO hybrid_activity_recognition.training.pretrain_trainer: Pretrain Ep 051/100 | loss=0.983059 | lr=4.84e-04
2026-04-26 09:47:58 INFO hybrid_activity_recognition.training.pretrain_trainer: Pretrain Ep 052/100 | loss=0.984173 | lr=4.69e-04
2026-04-26 09:48:00 INFO hybrid_activity_recognition.training.pretrain_trainer: Pretrain Ep 053/100 | loss=0.984179 | lr=4.53e-04
2026-04-26 09:48:02 INFO hybrid_activity_recognition.training.pretrain_trainer: Pretrain Ep 054/100 | loss=0.983303 | lr=4.37e-04
2026-04-26 09:48:04 INFO hybrid_activity_recognition.training.pretrain_trainer: Pretrain Ep 055/100 | loss=0.983226 | lr=4.22e-04
2026-04-26 09:48:06 INFO hybrid_activity_recognition.training.pretrain_trainer: Pretrain Ep 056/100 | loss=0.984239 | lr=4.06e-04
2026-04-26 09:48:08 INFO hybrid_activity_recognition.training.pretrain_trainer: Pretrain Ep 057/100 | loss=0.984058 | lr=3.91e-04
2026-04-26 09:48:10 INFO hybrid_activity_recognition.training.pretrain_trainer: Pretrain Ep 058/100 | loss=0.983909 | lr=3.76e-04
2026-04-26 09:48:12 INFO hybrid_activity_recognition.training.pretrain_trainer: Pretrain Ep 059/100 | loss=0.985058 | lr=3.61e-04
2026-04-26 09:48:14 INFO hybrid_activity_recognition.training.pretrain_trainer: Pretrain Ep 060/100 | loss=0.984605 | lr=3.45e-04
2026-04-26 09:48:16 INFO hybrid_activity_recognition.training.pretrain_trainer: Pretrain Ep 061/100 | loss=0.983647 | lr=3.31e-04
2026-04-26 09:48:18 INFO hybrid_activity_recognition.training.pretrain_trainer: Pretrain Ep 062/100 | loss=0.983964 | lr=3.16e-04
2026-04-26 09:48:20 INFO hybrid_activity_recognition.training.pretrain_trainer: Pretrain Ep 063/100 | loss=0.983189 | lr=3.01e-04
2026-04-26 09:48:21 INFO hybrid_activity_recognition.training.pretrain_trainer: Pretrain Ep 064/100 | loss=0.982819 | lr=2.87e-04
2026-04-26 09:48:23 INFO hybrid_activity_recognition.training.pretrain_trainer: Pretrain Ep 065/100 | loss=0.983779 | lr=2.73e-04
2026-04-26 09:48:25 INFO hybrid_activity_recognition.training.pretrain_trainer: Pretrain Ep 066/100 | loss=0.985318 | lr=2.59e-04
2026-04-26 09:48:27 INFO hybrid_activity_recognition.training.pretrain_trainer: Pretrain Ep 067/100 | loss=0.984150 | lr=2.45e-04
2026-04-26 09:48:29 INFO hybrid_activity_recognition.training.pretrain_trainer: Pretrain Ep 068/100 | loss=0.983171 | lr=2.32e-04
2026-04-26 09:48:31 INFO hybrid_activity_recognition.training.pretrain_trainer: Pretrain Ep 069/100 | loss=0.983669 | lr=2.19e-04
2026-04-26 09:48:33 INFO hybrid_activity_recognition.training.pretrain_trainer: Pretrain Ep 070/100 | loss=0.983474 | lr=2.06e-04
2026-04-26 09:48:35 INFO hybrid_activity_recognition.training.pretrain_trainer: Pretrain Ep 071/100 | loss=0.983733 | lr=1.94e-04
2026-04-26 09:48:37 INFO hybrid_activity_recognition.training.pretrain_trainer: Pretrain Ep 072/100 | loss=0.984208 | lr=1.81e-04
2026-04-26 09:48:39 INFO hybrid_activity_recognition.training.pretrain_trainer: Pretrain Ep 073/100 | loss=0.984303 | lr=1.69e-04
2026-04-26 09:48:41 INFO hybrid_activity_recognition.training.pretrain_trainer: Pretrain Ep 074/100 | loss=0.983930 | lr=1.58e-04
2026-04-26 09:48:43 INFO hybrid_activity_recognition.training.pretrain_trainer: Pretrain Ep 075/100 | loss=0.984201 | lr=1.46e-04
2026-04-26 09:48:45 INFO hybrid_activity_recognition.training.pretrain_trainer: Pretrain Ep 076/100 | loss=0.983561 | lr=1.36e-04
2026-04-26 09:48:47 INFO hybrid_activity_recognition.training.pretrain_trainer: Pretrain Ep 077/100 | loss=0.983205 | lr=1.25e-04
2026-04-26 09:48:48 INFO hybrid_activity_recognition.training.pretrain_trainer: Pretrain Ep 078/100 | loss=0.984475 | lr=1.15e-04
2026-04-26 09:48:50 INFO hybrid_activity_recognition.training.pretrain_trainer: Pretrain Ep 079/100 | loss=0.985186 | lr=1.05e-04
2026-04-26 09:48:52 INFO hybrid_activity_recognition.training.pretrain_trainer: Pretrain Ep 080/100 | loss=0.983808 | lr=9.55e-05
2026-04-26 09:48:54 INFO hybrid_activity_recognition.training.pretrain_trainer: Pretrain Ep 081/100 | loss=0.983692 | lr=8.65e-05
2026-04-26 09:48:56 INFO hybrid_activity_recognition.training.pretrain_trainer: Pretrain Ep 082/100 | loss=0.984715 | lr=7.78e-05
2026-04-26 09:48:58 INFO hybrid_activity_recognition.training.pretrain_trainer: Pretrain Ep 083/100 | loss=0.983748 | lr=6.96e-05
2026-04-26 09:49:00 INFO hybrid_activity_recognition.training.pretrain_trainer: Pretrain Ep 084/100 | loss=0.982944 | lr=6.18e-05
2026-04-26 09:49:02 INFO hybrid_activity_recognition.training.pretrain_trainer: Pretrain Ep 085/100 | loss=0.984187 | lr=5.45e-05
2026-04-26 09:49:04 INFO hybrid_activity_recognition.training.pretrain_trainer: Pretrain Ep 086/100 | loss=0.983144 | lr=4.76e-05
2026-04-26 09:49:06 INFO hybrid_activity_recognition.training.pretrain_trainer: Pretrain Ep 087/100 | loss=0.982917 | lr=4.11e-05
2026-04-26 09:49:08 INFO hybrid_activity_recognition.training.pretrain_trainer: Pretrain Ep 088/100 | loss=0.983382 | lr=3.51e-05
2026-04-26 09:49:10 INFO hybrid_activity_recognition.training.pretrain_trainer: Pretrain Ep 089/100 | loss=0.983911 | lr=2.96e-05
2026-04-26 09:49:12 INFO hybrid_activity_recognition.training.pretrain_trainer: Pretrain Ep 090/100 | loss=0.983515 | lr=2.45e-05
2026-04-26 09:49:14 INFO hybrid_activity_recognition.training.pretrain_trainer: Pretrain Ep 091/100 | loss=0.983270 | lr=1.99e-05
2026-04-26 09:49:16 INFO hybrid_activity_recognition.training.pretrain_trainer: Pretrain Ep 092/100 | loss=0.982918 | lr=1.57e-05
2026-04-26 09:49:17 INFO hybrid_activity_recognition.training.pretrain_trainer: Pretrain Ep 093/100 | loss=0.984025 | lr=1.20e-05
2026-04-26 09:49:19 INFO hybrid_activity_recognition.training.pretrain_trainer: Pretrain Ep 094/100 | loss=0.984090 | lr=8.86e-06
2026-04-26 09:49:21 INFO hybrid_activity_recognition.training.pretrain_trainer: Pretrain Ep 095/100 | loss=0.984529 | lr=6.16e-06
2026-04-26 09:49:23 INFO hybrid_activity_recognition.training.pretrain_trainer: Pretrain Ep 096/100 | loss=0.983723 | lr=3.94e-06
2026-04-26 09:49:25 INFO hybrid_activity_recognition.training.pretrain_trainer: Pretrain Ep 097/100 | loss=0.983908 | lr=2.22e-06
2026-04-26 09:49:27 INFO hybrid_activity_recognition.training.pretrain_trainer: Pretrain Ep 098/100 | loss=0.982792 | lr=9.87e-07
2026-04-26 09:49:29 INFO hybrid_activity_recognition.training.pretrain_trainer: Pretrain Ep 099/100 | loss=0.984526 | lr=2.47e-07
2026-04-26 09:49:31 INFO hybrid_activity_recognition.training.pretrain_trainer: Pretrain Ep 100/100 | loss=0.983041 | lr=0.00e+00
2026-04-26 09:49:31 INFO hybrid_activity_recognition.training.pretrain_trainer: Pretraining done. Best loss=0.982701. Saved to /home/emap/tironi/hybrid_activity_recognition/experiments/ablations_patchtst/patchtst_pretrain_AcTBeCalf_normalizacao_global_pipeline_d128_l3_h4_p8_s8_s42/best.pt
2026-04-26 09:49:31 INFO __main__: Pretraining complete. Best checkpoint: /home/emap/tironi/hybrid_activity_recognition/experiments/ablations_patchtst/patchtst_pretrain_AcTBeCalf_normalizacao_global_pipeline_d128_l3_h4_p8_s8_s42/best.pt
[2026-04-26T09:49:32-0300] pretrain normalizacao_global_pipeline_d128_l3_h4_p8_s8: done
/home/emap/tironi/hybrid_activity_recognition/experiments/ablations_patchtst/patchtst_pretrain_AcTBeCalf_normalizacao_global_pipeline_d128_l3_h4_p8_s8_s42/best.pt
[2026-04-26T09:49:32-0300] supervised hybrid normalizacao_global_pipeline_d128_l3_h4_p8_s8: start
2026-04-26 09:49:33 INFO __main__: device=cuda
2026-04-26 09:49:34 INFO __main__: classes=18 n_tsfel_feats=75
/home/emap/tironi/hybrid_activity_recognition/src/hybrid_activity_recognition/models/modular/encoders.py:171: FutureWarning: You are using `torch.load` with `weights_only=False` (the current default value), which uses the default pickle module implicitly. It is possible to construct malicious pickle data which will execute arbitrary code during unpickling (See https://github.com/pytorch/pytorch/blob/main/SECURITY.md#untrusted-models for more details). In a future release, the default value for `weights_only` will be flipped to `True`. This limits the functions that could be executed during unpickling. Arbitrary objects will no longer be allowed to be loaded via this mode unless they are explicitly allowlisted by the user via `torch.serialization.add_safe_globals`. We recommend you start setting `weights_only=True` for any use case where you don't have full control of the loaded file. Please open an issue on GitHub for any issues related to this experimental feature.
  state = torch.load(path, map_location="cpu")
2026-04-26 09:49:37 INFO hybrid_activity_recognition.training.trainer: Ep 001/150 | train_loss=2.5359 acc=27.01% | val_loss=2.2041 val_acc=35.25%
2026-04-26 09:49:39 INFO hybrid_activity_recognition.training.trainer: Ep 002/150 | train_loss=2.1239 acc=38.92% | val_loss=1.9846 val_acc=39.50%
2026-04-26 09:49:41 INFO hybrid_activity_recognition.training.trainer: Ep 003/150 | train_loss=1.9353 acc=42.32% | val_loss=1.8799 val_acc=47.24%
2026-04-26 09:49:43 INFO hybrid_activity_recognition.training.trainer: Ep 004/150 | train_loss=1.7929 acc=45.70% | val_loss=1.7820 val_acc=49.60%
2026-04-26 09:49:45 INFO hybrid_activity_recognition.training.trainer: Ep 005/150 | train_loss=1.6994 acc=48.41% | val_loss=1.7073 val_acc=51.96%
2026-04-26 09:49:48 INFO hybrid_activity_recognition.training.trainer: Ep 006/150 | train_loss=1.6086 acc=50.41% | val_loss=1.6801 val_acc=51.66%
2026-04-26 09:49:50 INFO hybrid_activity_recognition.training.trainer: Ep 007/150 | train_loss=1.5565 acc=51.48% | val_loss=1.6453 val_acc=54.69%
2026-04-26 09:49:52 INFO hybrid_activity_recognition.training.trainer: Ep 008/150 | train_loss=1.5432 acc=52.30% | val_loss=1.6251 val_acc=56.96%
2026-04-26 09:49:54 INFO hybrid_activity_recognition.training.trainer: Ep 009/150 | train_loss=1.4839 acc=53.91% | val_loss=1.5678 val_acc=56.29%
2026-04-26 09:49:56 INFO hybrid_activity_recognition.training.trainer: Ep 010/150 | train_loss=1.4422 acc=54.08% | val_loss=1.5442 val_acc=56.63%
2026-04-26 09:49:58 INFO hybrid_activity_recognition.training.trainer: Ep 011/150 | train_loss=1.4035 acc=55.42% | val_loss=1.5195 val_acc=58.77%
2026-04-26 09:50:00 INFO hybrid_activity_recognition.training.trainer: Ep 012/150 | train_loss=1.3585 acc=56.54% | val_loss=1.5245 val_acc=57.51%
2026-04-26 09:50:02 INFO hybrid_activity_recognition.training.trainer: Ep 013/150 | train_loss=1.2963 acc=56.55% | val_loss=1.5024 val_acc=61.09%
2026-04-26 09:50:04 INFO hybrid_activity_recognition.training.trainer: Ep 014/150 | train_loss=1.2960 acc=57.63% | val_loss=1.4634 val_acc=60.54%
2026-04-26 09:50:06 INFO hybrid_activity_recognition.training.trainer: Ep 015/150 | train_loss=1.2623 acc=58.34% | val_loss=1.5542 val_acc=61.09%
2026-04-26 09:50:08 INFO hybrid_activity_recognition.training.trainer: Ep 016/150 | train_loss=1.2320 acc=59.32% | val_loss=1.4982 val_acc=61.17%
2026-04-26 09:50:10 INFO hybrid_activity_recognition.training.trainer: Ep 017/150 | train_loss=1.2051 acc=59.34% | val_loss=1.4842 val_acc=61.04%
2026-04-26 09:50:12 INFO hybrid_activity_recognition.training.trainer: Ep 018/150 | train_loss=1.1715 acc=59.95% | val_loss=1.5020 val_acc=62.77%
2026-04-26 09:50:14 INFO hybrid_activity_recognition.training.trainer: Ep 019/150 | train_loss=1.1637 acc=60.46% | val_loss=1.4144 val_acc=63.15%
2026-04-26 09:50:16 INFO hybrid_activity_recognition.training.trainer: Ep 020/150 | train_loss=1.1268 acc=60.74% | val_loss=1.4371 val_acc=65.63%
2026-04-26 09:50:18 INFO hybrid_activity_recognition.training.trainer: Ep 021/150 | train_loss=1.1198 acc=61.31% | val_loss=1.4695 val_acc=65.54%
2026-04-26 09:50:20 INFO hybrid_activity_recognition.training.trainer: Ep 022/150 | train_loss=1.0938 acc=62.08% | val_loss=1.3974 val_acc=64.91%
2026-04-26 09:50:22 INFO hybrid_activity_recognition.training.trainer: Ep 023/150 | train_loss=1.0586 acc=62.53% | val_loss=1.3923 val_acc=66.89%
2026-04-26 09:50:24 INFO hybrid_activity_recognition.training.trainer: Ep 024/150 | train_loss=1.0531 acc=63.34% | val_loss=1.3958 val_acc=64.62%
2026-04-26 09:50:26 INFO hybrid_activity_recognition.training.trainer: Ep 025/150 | train_loss=1.0279 acc=62.96% | val_loss=1.3702 val_acc=64.91%
2026-04-26 09:50:28 INFO hybrid_activity_recognition.training.trainer: Ep 026/150 | train_loss=1.0152 acc=63.43% | val_loss=1.4051 val_acc=66.64%
2026-04-26 09:50:30 INFO hybrid_activity_recognition.training.trainer: Ep 027/150 | train_loss=0.9957 acc=64.34% | val_loss=1.5391 val_acc=66.85%
2026-04-26 09:50:32 INFO hybrid_activity_recognition.training.trainer: Ep 028/150 | train_loss=0.9958 acc=64.36% | val_loss=1.4176 val_acc=66.64%
2026-04-26 09:50:34 INFO hybrid_activity_recognition.training.trainer: Ep 029/150 | train_loss=0.9759 acc=64.71% | val_loss=1.4619 val_acc=67.40%
2026-04-26 09:50:36 INFO hybrid_activity_recognition.training.trainer: Ep 030/150 | train_loss=0.9595 acc=65.58% | val_loss=1.4211 val_acc=68.03%
2026-04-26 09:50:38 INFO hybrid_activity_recognition.training.trainer: Ep 031/150 | train_loss=0.9372 acc=65.29% | val_loss=1.5216 val_acc=67.10%
2026-04-26 09:50:40 INFO hybrid_activity_recognition.training.trainer: Ep 032/150 | train_loss=0.9127 acc=66.05% | val_loss=1.4707 val_acc=67.94%
2026-04-26 09:50:42 INFO hybrid_activity_recognition.training.trainer: Ep 033/150 | train_loss=0.8890 acc=66.33% | val_loss=1.5166 val_acc=68.32%
2026-04-26 09:50:45 INFO hybrid_activity_recognition.training.trainer: Ep 034/150 | train_loss=0.8692 acc=67.11% | val_loss=1.5532 val_acc=67.94%
2026-04-26 09:50:47 INFO hybrid_activity_recognition.training.trainer: Ep 035/150 | train_loss=0.8585 acc=67.10% | val_loss=1.5427 val_acc=67.56%
2026-04-26 09:50:49 INFO hybrid_activity_recognition.training.trainer: Ep 036/150 | train_loss=0.8455 acc=66.82% | val_loss=1.5818 val_acc=68.36%
2026-04-26 09:50:51 INFO hybrid_activity_recognition.training.trainer: Ep 037/150 | train_loss=0.8442 acc=67.34% | val_loss=1.5710 val_acc=68.99%
2026-04-26 09:50:53 INFO hybrid_activity_recognition.training.trainer: Ep 038/150 | train_loss=0.8247 acc=67.42% | val_loss=1.5917 val_acc=68.36%
2026-04-26 09:50:55 INFO hybrid_activity_recognition.training.trainer: Ep 039/150 | train_loss=0.8247 acc=67.75% | val_loss=1.6068 val_acc=68.78%
2026-04-26 09:50:57 INFO hybrid_activity_recognition.training.trainer: Ep 040/150 | train_loss=0.8109 acc=67.77% | val_loss=1.6156 val_acc=68.78%
2026-04-26 09:50:59 INFO hybrid_activity_recognition.training.trainer: Ep 041/150 | train_loss=0.8100 acc=67.55% | val_loss=1.6115 val_acc=68.57%
2026-04-26 09:51:01 INFO hybrid_activity_recognition.training.trainer: Ep 042/150 | train_loss=0.8058 acc=67.50% | val_loss=1.6235 val_acc=68.87%
2026-04-26 09:51:03 INFO hybrid_activity_recognition.training.trainer: Ep 043/150 | train_loss=0.8010 acc=67.85% | val_loss=1.6449 val_acc=68.45%
2026-04-26 09:51:05 INFO hybrid_activity_recognition.training.trainer: Ep 044/150 | train_loss=0.7923 acc=68.04% | val_loss=1.6472 val_acc=68.45%
2026-04-26 09:51:07 INFO hybrid_activity_recognition.training.trainer: Ep 045/150 | train_loss=0.7972 acc=67.98% | val_loss=1.6506 val_acc=68.78%
2026-04-26 09:51:09 INFO hybrid_activity_recognition.training.trainer: Ep 046/150 | train_loss=0.7951 acc=67.95% | val_loss=1.6560 val_acc=68.78%
2026-04-26 09:51:11 INFO hybrid_activity_recognition.training.trainer: Ep 047/150 | train_loss=0.7852 acc=68.16% | val_loss=1.6522 val_acc=68.87%
2026-04-26 09:51:11 INFO hybrid_activity_recognition.training.trainer: Early stopping (no improvement for 10 epochs).
2026-04-26 09:51:11 INFO __main__: test: acc=0.7472 macro_f1=0.4086
[2026-04-26T09:51:12-0300] supervised hybrid normalizacao_global_pipeline_d128_l3_h4_p8_s8: done
[2026-04-26T09:51:12-0300] normalizacao: per_window_zscore
[2026-04-26T09:51:12-0300] pretrain normalizacao_per_window_zscore_d128_l3_h4_p8_s8: start
2026-04-26 09:51:13 INFO __main__: device=cuda
2026-04-26 09:51:17 INFO hybrid_activity_recognition.training.pretrain_trainer: Pretrain Ep 001/100 | loss=0.986891 | lr=1.00e-03
2026-04-26 09:51:19 INFO hybrid_activity_recognition.training.pretrain_trainer: Pretrain Ep 002/100 | loss=0.985069 | lr=9.99e-04
2026-04-26 09:51:21 INFO hybrid_activity_recognition.training.pretrain_trainer: Pretrain Ep 003/100 | loss=0.984654 | lr=9.98e-04
2026-04-26 09:51:23 INFO hybrid_activity_recognition.training.pretrain_trainer: Pretrain Ep 004/100 | loss=0.984547 | lr=9.96e-04
2026-04-26 09:51:25 INFO hybrid_activity_recognition.training.pretrain_trainer: Pretrain Ep 005/100 | loss=0.984576 | lr=9.94e-04
2026-04-26 09:51:27 INFO hybrid_activity_recognition.training.pretrain_trainer: Pretrain Ep 006/100 | loss=0.984698 | lr=9.91e-04
2026-04-26 09:51:29 INFO hybrid_activity_recognition.training.pretrain_trainer: Pretrain Ep 007/100 | loss=0.984543 | lr=9.88e-04
2026-04-26 09:51:31 INFO hybrid_activity_recognition.training.pretrain_trainer: Pretrain Ep 008/100 | loss=0.983343 | lr=9.84e-04
2026-04-26 09:51:33 INFO hybrid_activity_recognition.training.pretrain_trainer: Pretrain Ep 009/100 | loss=0.984263 | lr=9.80e-04
2026-04-26 09:51:35 INFO hybrid_activity_recognition.training.pretrain_trainer: Pretrain Ep 010/100 | loss=0.984446 | lr=9.76e-04
2026-04-26 09:51:37 INFO hybrid_activity_recognition.training.pretrain_trainer: Pretrain Ep 011/100 | loss=0.984332 | lr=9.70e-04
2026-04-26 09:51:38 INFO hybrid_activity_recognition.training.pretrain_trainer: Pretrain Ep 012/100 | loss=0.984464 | lr=9.65e-04
2026-04-26 09:51:40 INFO hybrid_activity_recognition.training.pretrain_trainer: Pretrain Ep 013/100 | loss=0.984784 | lr=9.59e-04
2026-04-26 09:51:42 INFO hybrid_activity_recognition.training.pretrain_trainer: Pretrain Ep 014/100 | loss=0.984395 | lr=9.52e-04
2026-04-26 09:51:44 INFO hybrid_activity_recognition.training.pretrain_trainer: Pretrain Ep 015/100 | loss=0.983800 | lr=9.46e-04
2026-04-26 09:51:46 INFO hybrid_activity_recognition.training.pretrain_trainer: Pretrain Ep 016/100 | loss=0.985214 | lr=9.38e-04
2026-04-26 09:51:48 INFO hybrid_activity_recognition.training.pretrain_trainer: Pretrain Ep 017/100 | loss=0.985204 | lr=9.30e-04
2026-04-26 09:51:50 INFO hybrid_activity_recognition.training.pretrain_trainer: Pretrain Ep 018/100 | loss=0.985160 | lr=9.22e-04
2026-04-26 09:51:52 INFO hybrid_activity_recognition.training.pretrain_trainer: Pretrain Ep 019/100 | loss=0.986310 | lr=9.14e-04
2026-04-26 09:51:54 INFO hybrid_activity_recognition.training.pretrain_trainer: Pretrain Ep 020/100 | loss=0.983584 | lr=9.05e-04
2026-04-26 09:51:56 INFO hybrid_activity_recognition.training.pretrain_trainer: Pretrain Ep 021/100 | loss=0.984749 | lr=8.95e-04
2026-04-26 09:51:58 INFO hybrid_activity_recognition.training.pretrain_trainer: Pretrain Ep 022/100 | loss=0.985884 | lr=8.85e-04
2026-04-26 09:52:00 INFO hybrid_activity_recognition.training.pretrain_trainer: Pretrain Ep 023/100 | loss=0.983482 | lr=8.75e-04
2026-04-26 09:52:02 INFO hybrid_activity_recognition.training.pretrain_trainer: Pretrain Ep 024/100 | loss=0.985467 | lr=8.64e-04
2026-04-26 09:52:03 INFO hybrid_activity_recognition.training.pretrain_trainer: Pretrain Ep 025/100 | loss=0.985773 | lr=8.54e-04
2026-04-26 09:52:05 INFO hybrid_activity_recognition.training.pretrain_trainer: Pretrain Ep 026/100 | loss=0.984102 | lr=8.42e-04
2026-04-26 09:52:07 INFO hybrid_activity_recognition.training.pretrain_trainer: Pretrain Ep 027/100 | loss=0.984916 | lr=8.31e-04
2026-04-26 09:52:09 INFO hybrid_activity_recognition.training.pretrain_trainer: Pretrain Ep 028/100 | loss=0.984371 | lr=8.19e-04
2026-04-26 09:52:11 INFO hybrid_activity_recognition.training.pretrain_trainer: Pretrain Ep 029/100 | loss=0.985158 | lr=8.06e-04
2026-04-26 09:52:13 INFO hybrid_activity_recognition.training.pretrain_trainer: Pretrain Ep 030/100 | loss=0.984188 | lr=7.94e-04
2026-04-26 09:52:15 INFO hybrid_activity_recognition.training.pretrain_trainer: Pretrain Ep 031/100 | loss=0.983957 | lr=7.81e-04
2026-04-26 09:52:17 INFO hybrid_activity_recognition.training.pretrain_trainer: Pretrain Ep 032/100 | loss=0.984752 | lr=7.68e-04
2026-04-26 09:52:19 INFO hybrid_activity_recognition.training.pretrain_trainer: Pretrain Ep 033/100 | loss=0.985605 | lr=7.55e-04
2026-04-26 09:52:21 INFO hybrid_activity_recognition.training.pretrain_trainer: Pretrain Ep 034/100 | loss=0.983415 | lr=7.41e-04
2026-04-26 09:52:23 INFO hybrid_activity_recognition.training.pretrain_trainer: Pretrain Ep 035/100 | loss=0.984277 | lr=7.27e-04
2026-04-26 09:52:25 INFO hybrid_activity_recognition.training.pretrain_trainer: Pretrain Ep 036/100 | loss=0.984665 | lr=7.13e-04
2026-04-26 09:52:27 INFO hybrid_activity_recognition.training.pretrain_trainer: Pretrain Ep 037/100 | loss=0.983739 | lr=6.99e-04
2026-04-26 09:52:28 INFO hybrid_activity_recognition.training.pretrain_trainer: Pretrain Ep 038/100 | loss=0.984027 | lr=6.84e-04
2026-04-26 09:52:30 INFO hybrid_activity_recognition.training.pretrain_trainer: Pretrain Ep 039/100 | loss=0.983711 | lr=6.69e-04
2026-04-26 09:52:32 INFO hybrid_activity_recognition.training.pretrain_trainer: Pretrain Ep 040/100 | loss=0.984013 | lr=6.55e-04
2026-04-26 09:52:34 INFO hybrid_activity_recognition.training.pretrain_trainer: Pretrain Ep 041/100 | loss=0.984786 | lr=6.39e-04
2026-04-26 09:52:36 INFO hybrid_activity_recognition.training.pretrain_trainer: Pretrain Ep 042/100 | loss=0.984471 | lr=6.24e-04
2026-04-26 09:52:38 INFO hybrid_activity_recognition.training.pretrain_trainer: Pretrain Ep 043/100 | loss=0.983877 | lr=6.09e-04
2026-04-26 09:52:40 INFO hybrid_activity_recognition.training.pretrain_trainer: Pretrain Ep 044/100 | loss=0.985936 | lr=5.94e-04
2026-04-26 09:52:42 INFO hybrid_activity_recognition.training.pretrain_trainer: Pretrain Ep 045/100 | loss=0.985026 | lr=5.78e-04
2026-04-26 09:52:44 INFO hybrid_activity_recognition.training.pretrain_trainer: Pretrain Ep 046/100 | loss=0.984848 | lr=5.63e-04
2026-04-26 09:52:46 INFO hybrid_activity_recognition.training.pretrain_trainer: Pretrain Ep 047/100 | loss=0.984933 | lr=5.47e-04
2026-04-26 09:52:48 INFO hybrid_activity_recognition.training.pretrain_trainer: Pretrain Ep 048/100 | loss=0.984712 | lr=5.31e-04
2026-04-26 09:52:50 INFO hybrid_activity_recognition.training.pretrain_trainer: Pretrain Ep 049/100 | loss=0.985295 | lr=5.16e-04
2026-04-26 09:52:52 INFO hybrid_activity_recognition.training.pretrain_trainer: Pretrain Ep 050/100 | loss=0.984133 | lr=5.00e-04
2026-04-26 09:52:54 INFO hybrid_activity_recognition.training.pretrain_trainer: Pretrain Ep 051/100 | loss=0.983699 | lr=4.84e-04
2026-04-26 09:52:55 INFO hybrid_activity_recognition.training.pretrain_trainer: Pretrain Ep 052/100 | loss=0.984833 | lr=4.69e-04
2026-04-26 09:52:57 INFO hybrid_activity_recognition.training.pretrain_trainer: Pretrain Ep 053/100 | loss=0.984813 | lr=4.53e-04
2026-04-26 09:52:59 INFO hybrid_activity_recognition.training.pretrain_trainer: Pretrain Ep 054/100 | loss=0.983926 | lr=4.37e-04
2026-04-26 09:53:01 INFO hybrid_activity_recognition.training.pretrain_trainer: Pretrain Ep 055/100 | loss=0.983857 | lr=4.22e-04
2026-04-26 09:53:03 INFO hybrid_activity_recognition.training.pretrain_trainer: Pretrain Ep 056/100 | loss=0.984874 | lr=4.06e-04
2026-04-26 09:53:05 INFO hybrid_activity_recognition.training.pretrain_trainer: Pretrain Ep 057/100 | loss=0.984687 | lr=3.91e-04
2026-04-26 09:53:07 INFO hybrid_activity_recognition.training.pretrain_trainer: Pretrain Ep 058/100 | loss=0.984551 | lr=3.76e-04
2026-04-26 09:53:09 INFO hybrid_activity_recognition.training.pretrain_trainer: Pretrain Ep 059/100 | loss=0.985710 | lr=3.61e-04
2026-04-26 09:53:11 INFO hybrid_activity_recognition.training.pretrain_trainer: Pretrain Ep 060/100 | loss=0.985242 | lr=3.45e-04
2026-04-26 09:53:13 INFO hybrid_activity_recognition.training.pretrain_trainer: Pretrain Ep 061/100 | loss=0.984293 | lr=3.31e-04
2026-04-26 09:53:15 INFO hybrid_activity_recognition.training.pretrain_trainer: Pretrain Ep 062/100 | loss=0.984596 | lr=3.16e-04
2026-04-26 09:53:17 INFO hybrid_activity_recognition.training.pretrain_trainer: Pretrain Ep 063/100 | loss=0.983823 | lr=3.01e-04
2026-04-26 09:53:19 INFO hybrid_activity_recognition.training.pretrain_trainer: Pretrain Ep 064/100 | loss=0.983461 | lr=2.87e-04
2026-04-26 09:53:20 INFO hybrid_activity_recognition.training.pretrain_trainer: Pretrain Ep 065/100 | loss=0.984419 | lr=2.73e-04
2026-04-26 09:53:22 INFO hybrid_activity_recognition.training.pretrain_trainer: Pretrain Ep 066/100 | loss=0.985951 | lr=2.59e-04
2026-04-26 09:53:24 INFO hybrid_activity_recognition.training.pretrain_trainer: Pretrain Ep 067/100 | loss=0.984805 | lr=2.45e-04
2026-04-26 09:53:26 INFO hybrid_activity_recognition.training.pretrain_trainer: Pretrain Ep 068/100 | loss=0.983808 | lr=2.32e-04
2026-04-26 09:53:28 INFO hybrid_activity_recognition.training.pretrain_trainer: Pretrain Ep 069/100 | loss=0.984300 | lr=2.19e-04
2026-04-26 09:53:30 INFO hybrid_activity_recognition.training.pretrain_trainer: Pretrain Ep 070/100 | loss=0.984115 | lr=2.06e-04
2026-04-26 09:53:32 INFO hybrid_activity_recognition.training.pretrain_trainer: Pretrain Ep 071/100 | loss=0.984391 | lr=1.94e-04
2026-04-26 09:53:34 INFO hybrid_activity_recognition.training.pretrain_trainer: Pretrain Ep 072/100 | loss=0.984865 | lr=1.81e-04
2026-04-26 09:53:36 INFO hybrid_activity_recognition.training.pretrain_trainer: Pretrain Ep 073/100 | loss=0.984936 | lr=1.69e-04
2026-04-26 09:53:38 INFO hybrid_activity_recognition.training.pretrain_trainer: Pretrain Ep 074/100 | loss=0.984586 | lr=1.58e-04
2026-04-26 09:53:40 INFO hybrid_activity_recognition.training.pretrain_trainer: Pretrain Ep 075/100 | loss=0.984832 | lr=1.46e-04
2026-04-26 09:53:42 INFO hybrid_activity_recognition.training.pretrain_trainer: Pretrain Ep 076/100 | loss=0.984198 | lr=1.36e-04
2026-04-26 09:53:44 INFO hybrid_activity_recognition.training.pretrain_trainer: Pretrain Ep 077/100 | loss=0.983854 | lr=1.25e-04
2026-04-26 09:53:46 INFO hybrid_activity_recognition.training.pretrain_trainer: Pretrain Ep 078/100 | loss=0.985128 | lr=1.15e-04
2026-04-26 09:53:47 INFO hybrid_activity_recognition.training.pretrain_trainer: Pretrain Ep 079/100 | loss=0.985811 | lr=1.05e-04
2026-04-26 09:53:49 INFO hybrid_activity_recognition.training.pretrain_trainer: Pretrain Ep 080/100 | loss=0.984451 | lr=9.55e-05
2026-04-26 09:53:51 INFO hybrid_activity_recognition.training.pretrain_trainer: Pretrain Ep 081/100 | loss=0.984329 | lr=8.65e-05
2026-04-26 09:53:53 INFO hybrid_activity_recognition.training.pretrain_trainer: Pretrain Ep 082/100 | loss=0.985345 | lr=7.78e-05
2026-04-26 09:53:55 INFO hybrid_activity_recognition.training.pretrain_trainer: Pretrain Ep 083/100 | loss=0.984391 | lr=6.96e-05
2026-04-26 09:53:57 INFO hybrid_activity_recognition.training.pretrain_trainer: Pretrain Ep 084/100 | loss=0.983574 | lr=6.18e-05
2026-04-26 09:53:59 INFO hybrid_activity_recognition.training.pretrain_trainer: Pretrain Ep 085/100 | loss=0.984831 | lr=5.45e-05
2026-04-26 09:54:01 INFO hybrid_activity_recognition.training.pretrain_trainer: Pretrain Ep 086/100 | loss=0.983767 | lr=4.76e-05
2026-04-26 09:54:03 INFO hybrid_activity_recognition.training.pretrain_trainer: Pretrain Ep 087/100 | loss=0.983562 | lr=4.11e-05
2026-04-26 09:54:05 INFO hybrid_activity_recognition.training.pretrain_trainer: Pretrain Ep 088/100 | loss=0.984005 | lr=3.51e-05
2026-04-26 09:54:07 INFO hybrid_activity_recognition.training.pretrain_trainer: Pretrain Ep 089/100 | loss=0.984561 | lr=2.96e-05
2026-04-26 09:54:09 INFO hybrid_activity_recognition.training.pretrain_trainer: Pretrain Ep 090/100 | loss=0.984158 | lr=2.45e-05
2026-04-26 09:54:11 INFO hybrid_activity_recognition.training.pretrain_trainer: Pretrain Ep 091/100 | loss=0.983924 | lr=1.99e-05
2026-04-26 09:54:13 INFO hybrid_activity_recognition.training.pretrain_trainer: Pretrain Ep 092/100 | loss=0.983548 | lr=1.57e-05
2026-04-26 09:54:14 INFO hybrid_activity_recognition.training.pretrain_trainer: Pretrain Ep 093/100 | loss=0.984654 | lr=1.20e-05
2026-04-26 09:54:16 INFO hybrid_activity_recognition.training.pretrain_trainer: Pretrain Ep 094/100 | loss=0.984729 | lr=8.86e-06
2026-04-26 09:54:18 INFO hybrid_activity_recognition.training.pretrain_trainer: Pretrain Ep 095/100 | loss=0.985171 | lr=6.16e-06
2026-04-26 09:54:20 INFO hybrid_activity_recognition.training.pretrain_trainer: Pretrain Ep 096/100 | loss=0.984345 | lr=3.94e-06
2026-04-26 09:54:22 INFO hybrid_activity_recognition.training.pretrain_trainer: Pretrain Ep 097/100 | loss=0.984548 | lr=2.22e-06
2026-04-26 09:54:24 INFO hybrid_activity_recognition.training.pretrain_trainer: Pretrain Ep 098/100 | loss=0.983431 | lr=9.87e-07
2026-04-26 09:54:26 INFO hybrid_activity_recognition.training.pretrain_trainer: Pretrain Ep 099/100 | loss=0.985171 | lr=2.47e-07
2026-04-26 09:54:28 INFO hybrid_activity_recognition.training.pretrain_trainer: Pretrain Ep 100/100 | loss=0.983673 | lr=0.00e+00
2026-04-26 09:54:28 INFO hybrid_activity_recognition.training.pretrain_trainer: Pretraining done. Best loss=0.983343. Saved to /home/emap/tironi/hybrid_activity_recognition/experiments/ablations_patchtst/patchtst_pretrain_AcTBeCalf_normalizacao_per_window_zscore_d128_l3_h4_p8_s8_s42/best.pt
2026-04-26 09:54:28 INFO __main__: Pretraining complete. Best checkpoint: /home/emap/tironi/hybrid_activity_recognition/experiments/ablations_patchtst/patchtst_pretrain_AcTBeCalf_normalizacao_per_window_zscore_d128_l3_h4_p8_s8_s42/best.pt
[2026-04-26T09:54:29-0300] pretrain normalizacao_per_window_zscore_d128_l3_h4_p8_s8: done
/home/emap/tironi/hybrid_activity_recognition/experiments/ablations_patchtst/patchtst_pretrain_AcTBeCalf_normalizacao_per_window_zscore_d128_l3_h4_p8_s8_s42/best.pt
[2026-04-26T09:54:29-0300] supervised hybrid normalizacao_per_window_zscore_d128_l3_h4_p8_s8: start
2026-04-26 09:54:30 INFO __main__: device=cuda
2026-04-26 09:54:31 INFO __main__: classes=18 n_tsfel_feats=75
/home/emap/tironi/hybrid_activity_recognition/src/hybrid_activity_recognition/models/modular/encoders.py:171: FutureWarning: You are using `torch.load` with `weights_only=False` (the current default value), which uses the default pickle module implicitly. It is possible to construct malicious pickle data which will execute arbitrary code during unpickling (See https://github.com/pytorch/pytorch/blob/main/SECURITY.md#untrusted-models for more details). In a future release, the default value for `weights_only` will be flipped to `True`. This limits the functions that could be executed during unpickling. Arbitrary objects will no longer be allowed to be loaded via this mode unless they are explicitly allowlisted by the user via `torch.serialization.add_safe_globals`. We recommend you start setting `weights_only=True` for any use case where you don't have full control of the loaded file. Please open an issue on GitHub for any issues related to this experimental feature.
  state = torch.load(path, map_location="cpu")
2026-04-26 09:54:34 INFO hybrid_activity_recognition.training.trainer: Ep 001/150 | train_loss=2.5361 acc=26.99% | val_loss=2.2054 val_acc=35.51%
2026-04-26 09:54:36 INFO hybrid_activity_recognition.training.trainer: Ep 002/150 | train_loss=2.1239 acc=38.88% | val_loss=1.9841 val_acc=39.50%
2026-04-26 09:54:38 INFO hybrid_activity_recognition.training.trainer: Ep 003/150 | train_loss=1.9342 acc=42.37% | val_loss=1.8783 val_acc=46.95%
2026-04-26 09:54:40 INFO hybrid_activity_recognition.training.trainer: Ep 004/150 | train_loss=1.7922 acc=45.69% | val_loss=1.7811 val_acc=49.52%
2026-04-26 09:54:42 INFO hybrid_activity_recognition.training.trainer: Ep 005/150 | train_loss=1.6977 acc=48.40% | val_loss=1.7072 val_acc=51.87%
2026-04-26 09:54:44 INFO hybrid_activity_recognition.training.trainer: Ep 006/150 | train_loss=1.6101 acc=50.46% | val_loss=1.6726 val_acc=51.66%
2026-04-26 09:54:46 INFO hybrid_activity_recognition.training.trainer: Ep 007/150 | train_loss=1.5587 acc=51.57% | val_loss=1.6387 val_acc=55.03%
2026-04-26 09:54:49 INFO hybrid_activity_recognition.training.trainer: Ep 008/150 | train_loss=1.5405 acc=52.48% | val_loss=1.6305 val_acc=56.33%
2026-04-26 09:54:51 INFO hybrid_activity_recognition.training.trainer: Ep 009/150 | train_loss=1.4855 acc=53.83% | val_loss=1.5660 val_acc=56.58%
2026-04-26 09:54:53 INFO hybrid_activity_recognition.training.trainer: Ep 010/150 | train_loss=1.4440 acc=54.07% | val_loss=1.5603 val_acc=56.88%
2026-04-26 09:54:55 INFO hybrid_activity_recognition.training.trainer: Ep 011/150 | train_loss=1.3951 acc=55.47% | val_loss=1.5182 val_acc=57.38%
2026-04-26 09:54:57 INFO hybrid_activity_recognition.training.trainer: Ep 012/150 | train_loss=1.3403 acc=56.62% | val_loss=1.5429 val_acc=56.88%
2026-04-26 09:54:59 INFO hybrid_activity_recognition.training.trainer: Ep 013/150 | train_loss=1.3059 acc=56.55% | val_loss=1.5199 val_acc=61.84%
2026-04-26 09:55:01 INFO hybrid_activity_recognition.training.trainer: Ep 014/150 | train_loss=1.3107 acc=57.57% | val_loss=1.4975 val_acc=60.37%
2026-04-26 09:55:03 INFO hybrid_activity_recognition.training.trainer: Ep 015/150 | train_loss=1.2707 acc=58.47% | val_loss=1.4764 val_acc=60.62%
2026-04-26 09:55:05 INFO hybrid_activity_recognition.training.trainer: Ep 016/150 | train_loss=1.2340 acc=59.34% | val_loss=1.4906 val_acc=60.88%
2026-04-26 09:55:07 INFO hybrid_activity_recognition.training.trainer: Ep 017/150 | train_loss=1.2279 acc=59.12% | val_loss=1.4337 val_acc=59.87%
2026-04-26 09:55:09 INFO hybrid_activity_recognition.training.trainer: Ep 018/150 | train_loss=1.1932 acc=60.08% | val_loss=1.4811 val_acc=64.24%
2026-04-26 09:55:11 INFO hybrid_activity_recognition.training.trainer: Ep 019/150 | train_loss=1.1761 acc=60.68% | val_loss=1.4962 val_acc=63.15%
2026-04-26 09:55:13 INFO hybrid_activity_recognition.training.trainer: Ep 020/150 | train_loss=1.1431 acc=60.90% | val_loss=1.5064 val_acc=66.05%
2026-04-26 09:55:15 INFO hybrid_activity_recognition.training.trainer: Ep 021/150 | train_loss=1.1329 acc=61.14% | val_loss=1.4326 val_acc=67.02%
2026-04-26 09:55:17 INFO hybrid_activity_recognition.training.trainer: Ep 022/150 | train_loss=1.1064 acc=62.09% | val_loss=1.4299 val_acc=65.46%
2026-04-26 09:55:19 INFO hybrid_activity_recognition.training.trainer: Ep 023/150 | train_loss=1.0736 acc=62.63% | val_loss=1.3800 val_acc=66.81%
2026-04-26 09:55:21 INFO hybrid_activity_recognition.training.trainer: Ep 024/150 | train_loss=1.0643 acc=63.35% | val_loss=1.4267 val_acc=65.97%
2026-04-26 09:55:23 INFO hybrid_activity_recognition.training.trainer: Ep 025/150 | train_loss=1.0519 acc=62.67% | val_loss=1.4049 val_acc=66.09%
2026-04-26 09:55:25 INFO hybrid_activity_recognition.training.trainer: Ep 026/150 | train_loss=1.0397 acc=63.74% | val_loss=1.4888 val_acc=66.51%
2026-04-26 09:55:27 INFO hybrid_activity_recognition.training.trainer: Ep 027/150 | train_loss=1.0191 acc=64.24% | val_loss=1.4114 val_acc=68.07%
2026-04-26 09:55:29 INFO hybrid_activity_recognition.training.trainer: Ep 028/150 | train_loss=1.0044 acc=64.26% | val_loss=1.3891 val_acc=66.98%
2026-04-26 09:55:31 INFO hybrid_activity_recognition.training.trainer: Ep 029/150 | train_loss=0.9842 acc=64.27% | val_loss=1.4729 val_acc=68.11%
2026-04-26 09:55:33 INFO hybrid_activity_recognition.training.trainer: Ep 030/150 | train_loss=0.9574 acc=65.60% | val_loss=1.4356 val_acc=67.31%
2026-04-26 09:55:35 INFO hybrid_activity_recognition.training.trainer: Ep 031/150 | train_loss=0.9169 acc=65.83% | val_loss=1.4859 val_acc=67.65%
2026-04-26 09:55:37 INFO hybrid_activity_recognition.training.trainer: Ep 032/150 | train_loss=0.8986 acc=66.17% | val_loss=1.5149 val_acc=68.11%
2026-04-26 09:55:39 INFO hybrid_activity_recognition.training.trainer: Ep 033/150 | train_loss=0.8917 acc=66.29% | val_loss=1.5106 val_acc=68.62%
2026-04-26 09:55:42 INFO hybrid_activity_recognition.training.trainer: Ep 034/150 | train_loss=0.8794 acc=66.67% | val_loss=1.5220 val_acc=68.24%
2026-04-26 09:55:44 INFO hybrid_activity_recognition.training.trainer: Ep 035/150 | train_loss=0.8715 acc=66.60% | val_loss=1.5362 val_acc=68.11%
2026-04-26 09:55:46 INFO hybrid_activity_recognition.training.trainer: Ep 036/150 | train_loss=0.8610 acc=66.52% | val_loss=1.5497 val_acc=68.41%
2026-04-26 09:55:48 INFO hybrid_activity_recognition.training.trainer: Ep 037/150 | train_loss=0.8634 acc=66.97% | val_loss=1.5598 val_acc=68.87%
2026-04-26 09:55:50 INFO hybrid_activity_recognition.training.trainer: Ep 038/150 | train_loss=0.8516 acc=66.84% | val_loss=1.5735 val_acc=68.32%
2026-04-26 09:55:52 INFO hybrid_activity_recognition.training.trainer: Ep 039/150 | train_loss=0.8537 acc=66.89% | val_loss=1.5728 val_acc=68.74%
2026-04-26 09:55:54 INFO hybrid_activity_recognition.training.trainer: Ep 040/150 | train_loss=0.8435 acc=67.36% | val_loss=1.5819 val_acc=68.87%
2026-04-26 09:55:56 INFO hybrid_activity_recognition.training.trainer: Ep 041/150 | train_loss=0.8443 acc=66.99% | val_loss=1.5686 val_acc=68.74%
2026-04-26 09:55:58 INFO hybrid_activity_recognition.training.trainer: Ep 042/150 | train_loss=0.8375 acc=66.84% | val_loss=1.5765 val_acc=68.78%
2026-04-26 09:56:00 INFO hybrid_activity_recognition.training.trainer: Ep 043/150 | train_loss=0.8342 acc=66.98% | val_loss=1.5888 val_acc=68.70%
2026-04-26 09:56:02 INFO hybrid_activity_recognition.training.trainer: Ep 044/150 | train_loss=0.8335 acc=67.30% | val_loss=1.5922 val_acc=68.66%
2026-04-26 09:56:04 INFO hybrid_activity_recognition.training.trainer: Ep 045/150 | train_loss=0.8391 acc=67.00% | val_loss=1.5950 val_acc=68.78%
2026-04-26 09:56:06 INFO hybrid_activity_recognition.training.trainer: Ep 046/150 | train_loss=0.8352 acc=67.26% | val_loss=1.5947 val_acc=68.78%
2026-04-26 09:56:08 INFO hybrid_activity_recognition.training.trainer: Ep 047/150 | train_loss=0.8244 acc=67.28% | val_loss=1.5951 val_acc=68.78%
2026-04-26 09:56:08 INFO hybrid_activity_recognition.training.trainer: Early stopping (no improvement for 10 epochs).
2026-04-26 09:56:08 INFO __main__: test: acc=0.7437 macro_f1=0.4409
[2026-04-26T09:56:09-0300] supervised hybrid normalizacao_per_window_zscore_d128_l3_h4_p8_s8: done
[2026-04-26T09:56:09-0300] normalizacao: done
