[2026-04-14T18:13:34-0300] sem_pretreino: seed=42
[2026-04-14T18:13:34-0300] supervised deep_only nopre_d128_l3_h4_p8_s8: start
2026-04-14 18:13:35 INFO __main__: device=cuda
2026-04-14 18:13:36 INFO __main__: classes=18 n_tsfel_feats=75
2026-04-14 18:13:39 INFO hybrid_activity_recognition.training.trainer: Ep 001/150 | train_loss=2.9001 acc=4.62% | val_loss=2.8338 val_acc=0.84%
2026-04-14 18:13:42 INFO hybrid_activity_recognition.training.trainer: Ep 002/150 | train_loss=2.9246 acc=4.73% | val_loss=2.8480 val_acc=4.88%
2026-04-14 18:13:44 INFO hybrid_activity_recognition.training.trainer: Ep 003/150 | train_loss=2.9291 acc=6.69% | val_loss=2.8362 val_acc=5.09%
2026-04-14 18:13:46 INFO hybrid_activity_recognition.training.trainer: Ep 004/150 | train_loss=2.9147 acc=4.45% | val_loss=2.8303 val_acc=6.02%
2026-04-14 18:13:48 INFO hybrid_activity_recognition.training.trainer: Ep 005/150 | train_loss=2.9150 acc=5.47% | val_loss=2.8379 val_acc=8.67%
2026-04-14 18:13:50 INFO hybrid_activity_recognition.training.trainer: Ep 006/150 | train_loss=2.9122 acc=6.14% | val_loss=2.8116 val_acc=4.21%
2026-04-14 18:13:52 INFO hybrid_activity_recognition.training.trainer: Ep 007/150 | train_loss=2.9308 acc=8.16% | val_loss=2.8212 val_acc=12.41%
2026-04-14 18:13:54 INFO hybrid_activity_recognition.training.trainer: Ep 008/150 | train_loss=2.8844 acc=9.44% | val_loss=2.8627 val_acc=2.36%
2026-04-14 18:13:57 INFO hybrid_activity_recognition.training.trainer: Ep 009/150 | train_loss=2.9235 acc=7.87% | val_loss=2.8285 val_acc=4.75%
2026-04-14 18:13:59 INFO hybrid_activity_recognition.training.trainer: Ep 010/150 | train_loss=2.9021 acc=10.64% | val_loss=2.8361 val_acc=11.82%
2026-04-14 18:14:01 INFO hybrid_activity_recognition.training.trainer: Ep 011/150 | train_loss=2.9275 acc=17.78% | val_loss=2.8211 val_acc=10.43%
2026-04-14 18:14:03 INFO hybrid_activity_recognition.training.trainer: Ep 012/150 | train_loss=2.8654 acc=23.03% | val_loss=2.8208 val_acc=28.99%
2026-04-14 18:14:05 INFO hybrid_activity_recognition.training.trainer: Ep 013/150 | train_loss=2.8102 acc=27.41% | val_loss=2.7724 val_acc=26.29%
2026-04-14 18:14:07 INFO hybrid_activity_recognition.training.trainer: Ep 014/150 | train_loss=2.7844 acc=28.82% | val_loss=2.7888 val_acc=28.57%
2026-04-14 18:14:09 INFO hybrid_activity_recognition.training.trainer: Ep 015/150 | train_loss=2.7436 acc=28.83% | val_loss=2.7861 val_acc=29.36%
2026-04-14 18:14:11 INFO hybrid_activity_recognition.training.trainer: Ep 016/150 | train_loss=2.7488 acc=28.98% | val_loss=2.7684 val_acc=29.45%
2026-04-14 18:14:14 INFO hybrid_activity_recognition.training.trainer: Ep 017/150 | train_loss=2.7153 acc=29.52% | val_loss=2.8054 val_acc=27.56%
2026-04-14 18:14:16 INFO hybrid_activity_recognition.training.trainer: Ep 018/150 | train_loss=2.7291 acc=29.52% | val_loss=2.7978 val_acc=30.88%
2026-04-14 18:14:18 INFO hybrid_activity_recognition.training.trainer: Ep 019/150 | train_loss=2.6957 acc=29.25% | val_loss=2.8599 val_acc=32.94%
2026-04-14 18:14:20 INFO hybrid_activity_recognition.training.trainer: Ep 020/150 | train_loss=2.7043 acc=29.81% | val_loss=2.8194 val_acc=29.83%
2026-04-14 18:14:22 INFO hybrid_activity_recognition.training.trainer: Ep 021/150 | train_loss=2.6764 acc=29.77% | val_loss=2.7392 val_acc=30.71%
2026-04-14 18:14:24 INFO hybrid_activity_recognition.training.trainer: Ep 022/150 | train_loss=2.6553 acc=28.79% | val_loss=2.7596 val_acc=26.38%
2026-04-14 18:14:27 INFO hybrid_activity_recognition.training.trainer: Ep 023/150 | train_loss=2.6361 acc=28.05% | val_loss=2.7364 val_acc=31.01%
2026-04-14 18:14:29 INFO hybrid_activity_recognition.training.trainer: Ep 024/150 | train_loss=2.6025 acc=27.96% | val_loss=2.8485 val_acc=29.58%
2026-04-14 18:14:31 INFO hybrid_activity_recognition.training.trainer: Ep 025/150 | train_loss=2.6005 acc=28.49% | val_loss=2.8647 val_acc=28.65%
2026-04-14 18:14:33 INFO hybrid_activity_recognition.training.trainer: Ep 026/150 | train_loss=2.5751 acc=28.09% | val_loss=2.8425 val_acc=27.26%
2026-04-14 18:14:35 INFO hybrid_activity_recognition.training.trainer: Ep 027/150 | train_loss=2.5667 acc=28.06% | val_loss=2.8048 val_acc=28.27%
2026-04-14 18:14:37 INFO hybrid_activity_recognition.training.trainer: Ep 028/150 | train_loss=2.5403 acc=27.76% | val_loss=2.8822 val_acc=28.73%
2026-04-14 18:14:40 INFO hybrid_activity_recognition.training.trainer: Ep 029/150 | train_loss=2.5268 acc=28.41% | val_loss=2.9491 val_acc=29.20%
2026-04-14 18:14:40 INFO hybrid_activity_recognition.training.trainer: Early stopping (no improvement for 10 epochs).
2026-04-14 18:14:40 INFO __main__: test: acc=0.3930 macro_f1=0.0767
[2026-04-14T18:14:41-0300] supervised deep_only nopre_d128_l3_h4_p8_s8: done
[2026-04-14T18:14:41-0300] sem_pretreino: seed=123
[2026-04-14T18:14:41-0300] supervised deep_only nopre_d128_l3_h4_p8_s8: start
2026-04-14 18:14:42 INFO __main__: device=cuda
2026-04-14 18:14:42 INFO __main__: classes=18 n_tsfel_feats=75
2026-04-14 18:14:46 INFO hybrid_activity_recognition.training.trainer: Ep 001/150 | train_loss=2.9137 acc=5.97% | val_loss=2.8619 val_acc=7.40%
2026-04-14 18:14:48 INFO hybrid_activity_recognition.training.trainer: Ep 002/150 | train_loss=2.9392 acc=6.59% | val_loss=2.8817 val_acc=10.64%
2026-04-14 18:14:51 INFO hybrid_activity_recognition.training.trainer: Ep 003/150 | train_loss=2.9283 acc=8.34% | val_loss=2.8476 val_acc=13.34%
2026-04-14 18:14:53 INFO hybrid_activity_recognition.training.trainer: Ep 004/150 | train_loss=2.9374 acc=5.19% | val_loss=2.8385 val_acc=1.85%
2026-04-14 18:14:55 INFO hybrid_activity_recognition.training.trainer: Ep 005/150 | train_loss=2.9246 acc=6.17% | val_loss=2.8340 val_acc=2.78%
2026-04-14 18:14:57 INFO hybrid_activity_recognition.training.trainer: Ep 006/150 | train_loss=2.9309 acc=5.00% | val_loss=2.8242 val_acc=3.28%
2026-04-14 18:14:59 INFO hybrid_activity_recognition.training.trainer: Ep 007/150 | train_loss=2.9114 acc=5.25% | val_loss=2.9146 val_acc=1.72%
2026-04-14 18:15:02 INFO hybrid_activity_recognition.training.trainer: Ep 008/150 | train_loss=2.9115 acc=4.60% | val_loss=2.8413 val_acc=2.10%
2026-04-14 18:15:04 INFO hybrid_activity_recognition.training.trainer: Ep 009/150 | train_loss=2.9654 acc=4.30% | val_loss=2.8170 val_acc=5.89%
2026-04-14 18:15:06 INFO hybrid_activity_recognition.training.trainer: Ep 010/150 | train_loss=2.9006 acc=5.27% | val_loss=2.9069 val_acc=3.41%
2026-04-14 18:15:08 INFO hybrid_activity_recognition.training.trainer: Ep 011/150 | train_loss=2.9327 acc=6.72% | val_loss=2.8551 val_acc=6.73%
2026-04-14 18:15:10 INFO hybrid_activity_recognition.training.trainer: Ep 012/150 | train_loss=2.9228 acc=11.16% | val_loss=2.8698 val_acc=16.83%
2026-04-14 18:15:12 INFO hybrid_activity_recognition.training.trainer: Ep 013/150 | train_loss=2.8917 acc=10.96% | val_loss=2.9088 val_acc=23.22%
2026-04-14 18:15:15 INFO hybrid_activity_recognition.training.trainer: Ep 014/150 | train_loss=2.9010 acc=15.70% | val_loss=2.7960 val_acc=19.81%
2026-04-14 18:15:17 INFO hybrid_activity_recognition.training.trainer: Ep 015/150 | train_loss=2.8691 acc=16.87% | val_loss=2.8469 val_acc=17.63%
2026-04-14 18:15:19 INFO hybrid_activity_recognition.training.trainer: Ep 016/150 | train_loss=2.8558 acc=18.14% | val_loss=2.8277 val_acc=18.51%
2026-04-14 18:15:21 INFO hybrid_activity_recognition.training.trainer: Ep 017/150 | train_loss=2.8543 acc=18.88% | val_loss=2.8226 val_acc=23.01%
2026-04-14 18:15:23 INFO hybrid_activity_recognition.training.trainer: Ep 018/150 | train_loss=2.8447 acc=20.67% | val_loss=2.8314 val_acc=23.56%
2026-04-14 18:15:26 INFO hybrid_activity_recognition.training.trainer: Ep 019/150 | train_loss=2.8319 acc=22.08% | val_loss=2.7823 val_acc=20.15%
2026-04-14 18:15:28 INFO hybrid_activity_recognition.training.trainer: Ep 020/150 | train_loss=2.8222 acc=23.75% | val_loss=2.8165 val_acc=27.39%
2026-04-14 18:15:30 INFO hybrid_activity_recognition.training.trainer: Ep 021/150 | train_loss=2.7861 acc=25.67% | val_loss=2.8096 val_acc=28.44%
2026-04-14 18:15:32 INFO hybrid_activity_recognition.training.trainer: Ep 022/150 | train_loss=2.8286 acc=25.74% | val_loss=2.7552 val_acc=29.74%
2026-04-14 18:15:34 INFO hybrid_activity_recognition.training.trainer: Ep 023/150 | train_loss=2.7826 acc=26.41% | val_loss=2.7826 val_acc=25.79%
2026-04-14 18:15:37 INFO hybrid_activity_recognition.training.trainer: Ep 024/150 | train_loss=2.7923 acc=25.19% | val_loss=2.7524 val_acc=26.34%
2026-04-14 18:15:39 INFO hybrid_activity_recognition.training.trainer: Ep 025/150 | train_loss=2.7690 acc=26.14% | val_loss=2.8080 val_acc=22.80%
2026-04-14 18:15:41 INFO hybrid_activity_recognition.training.trainer: Ep 026/150 | train_loss=2.7323 acc=26.29% | val_loss=2.8387 val_acc=21.54%
2026-04-14 18:15:43 INFO hybrid_activity_recognition.training.trainer: Ep 027/150 | train_loss=2.7597 acc=26.72% | val_loss=2.8204 val_acc=23.64%
2026-04-14 18:15:45 INFO hybrid_activity_recognition.training.trainer: Ep 028/150 | train_loss=2.7586 acc=26.51% | val_loss=2.7847 val_acc=27.26%
2026-04-14 18:15:48 INFO hybrid_activity_recognition.training.trainer: Ep 029/150 | train_loss=2.7744 acc=26.57% | val_loss=2.8354 val_acc=24.69%
2026-04-14 18:15:50 INFO hybrid_activity_recognition.training.trainer: Ep 030/150 | train_loss=2.7125 acc=26.15% | val_loss=2.9594 val_acc=21.92%
2026-04-14 18:15:52 INFO hybrid_activity_recognition.training.trainer: Ep 031/150 | train_loss=2.6546 acc=27.50% | val_loss=2.8223 val_acc=28.69%
2026-04-14 18:15:54 INFO hybrid_activity_recognition.training.trainer: Ep 032/150 | train_loss=2.5970 acc=28.33% | val_loss=2.8592 val_acc=28.27%
2026-04-14 18:15:54 INFO hybrid_activity_recognition.training.trainer: Early stopping (no improvement for 10 epochs).
2026-04-14 18:15:54 INFO __main__: test: acc=0.3563 macro_f1=0.0755
[2026-04-14T18:15:55-0300] supervised deep_only nopre_d128_l3_h4_p8_s8: done
[2026-04-14T18:15:55-0300] sem_pretreino: seed=456
[2026-04-14T18:15:55-0300] supervised deep_only nopre_d128_l3_h4_p8_s8: start
2026-04-14 18:15:57 INFO __main__: device=cuda
2026-04-14 18:15:57 INFO __main__: classes=18 n_tsfel_feats=75
2026-04-14 18:16:01 INFO hybrid_activity_recognition.training.trainer: Ep 001/150 | train_loss=2.9094 acc=5.23% | val_loss=2.8326 val_acc=1.43%
2026-04-14 18:16:03 INFO hybrid_activity_recognition.training.trainer: Ep 002/150 | train_loss=2.9181 acc=4.05% | val_loss=2.8423 val_acc=1.26%
2026-04-14 18:16:05 INFO hybrid_activity_recognition.training.trainer: Ep 003/150 | train_loss=2.9223 acc=5.30% | val_loss=2.8208 val_acc=5.76%
2026-04-14 18:16:07 INFO hybrid_activity_recognition.training.trainer: Ep 004/150 | train_loss=2.8935 acc=5.06% | val_loss=2.8187 val_acc=5.89%
2026-04-14 18:16:10 INFO hybrid_activity_recognition.training.trainer: Ep 005/150 | train_loss=2.9119 acc=4.91% | val_loss=2.8333 val_acc=5.30%
2026-04-14 18:16:12 INFO hybrid_activity_recognition.training.trainer: Ep 006/150 | train_loss=2.8961 acc=5.70% | val_loss=2.7936 val_acc=7.95%
2026-04-14 18:16:14 INFO hybrid_activity_recognition.training.trainer: Ep 007/150 | train_loss=2.9509 acc=7.14% | val_loss=2.8062 val_acc=10.56%
2026-04-14 18:16:16 INFO hybrid_activity_recognition.training.trainer: Ep 008/150 | train_loss=2.9075 acc=8.70% | val_loss=2.7783 val_acc=3.32%
2026-04-14 18:16:18 INFO hybrid_activity_recognition.training.trainer: Ep 009/150 | train_loss=2.9058 acc=12.85% | val_loss=2.7855 val_acc=15.31%
2026-04-14 18:16:21 INFO hybrid_activity_recognition.training.trainer: Ep 010/150 | train_loss=2.8903 acc=17.13% | val_loss=2.7991 val_acc=13.25%
2026-04-14 18:16:23 INFO hybrid_activity_recognition.training.trainer: Ep 011/150 | train_loss=2.8590 acc=19.10% | val_loss=2.7487 val_acc=15.10%
2026-04-14 18:16:25 INFO hybrid_activity_recognition.training.trainer: Ep 012/150 | train_loss=2.8246 acc=24.80% | val_loss=2.6980 val_acc=26.46%
2026-04-14 18:16:27 INFO hybrid_activity_recognition.training.trainer: Ep 013/150 | train_loss=2.8185 acc=27.03% | val_loss=2.7101 val_acc=32.73%
2026-04-14 18:16:29 INFO hybrid_activity_recognition.training.trainer: Ep 014/150 | train_loss=2.7810 acc=27.16% | val_loss=2.6947 val_acc=26.76%
2026-04-14 18:16:32 INFO hybrid_activity_recognition.training.trainer: Ep 015/150 | train_loss=2.7646 acc=27.78% | val_loss=2.6353 val_acc=28.19%
2026-04-14 18:16:34 INFO hybrid_activity_recognition.training.trainer: Ep 016/150 | train_loss=2.7494 acc=28.14% | val_loss=2.6501 val_acc=32.39%
2026-04-14 18:16:36 INFO hybrid_activity_recognition.training.trainer: Ep 017/150 | train_loss=2.7248 acc=28.18% | val_loss=2.6673 val_acc=30.16%
2026-04-14 18:16:38 INFO hybrid_activity_recognition.training.trainer: Ep 018/150 | train_loss=2.7269 acc=28.36% | val_loss=2.6756 val_acc=33.07%
2026-04-14 18:16:41 INFO hybrid_activity_recognition.training.trainer: Ep 019/150 | train_loss=2.7439 acc=29.06% | val_loss=2.6449 val_acc=33.74%
2026-04-14 18:16:43 INFO hybrid_activity_recognition.training.trainer: Ep 020/150 | train_loss=2.7039 acc=28.37% | val_loss=2.7160 val_acc=36.18%
2026-04-14 18:16:45 INFO hybrid_activity_recognition.training.trainer: Ep 021/150 | train_loss=2.7027 acc=27.38% | val_loss=2.6493 val_acc=28.73%
2026-04-14 18:16:47 INFO hybrid_activity_recognition.training.trainer: Ep 022/150 | train_loss=2.6053 acc=30.35% | val_loss=2.5909 val_acc=31.38%
2026-04-14 18:16:49 INFO hybrid_activity_recognition.training.trainer: Ep 023/150 | train_loss=2.5357 acc=30.91% | val_loss=2.5968 val_acc=32.77%
2026-04-14 18:16:52 INFO hybrid_activity_recognition.training.trainer: Ep 024/150 | train_loss=2.5251 acc=30.73% | val_loss=2.5851 val_acc=32.81%
2026-04-14 18:16:54 INFO hybrid_activity_recognition.training.trainer: Ep 025/150 | train_loss=2.4965 acc=30.28% | val_loss=2.6067 val_acc=30.04%
2026-04-14 18:16:56 INFO hybrid_activity_recognition.training.trainer: Ep 026/150 | train_loss=2.4899 acc=30.59% | val_loss=2.6053 val_acc=31.30%
2026-04-14 18:16:58 INFO hybrid_activity_recognition.training.trainer: Ep 027/150 | train_loss=2.4446 acc=30.13% | val_loss=2.5914 val_acc=33.49%
2026-04-14 18:17:00 INFO hybrid_activity_recognition.training.trainer: Ep 028/150 | train_loss=2.4305 acc=30.21% | val_loss=2.6271 val_acc=33.07%
2026-04-14 18:17:03 INFO hybrid_activity_recognition.training.trainer: Ep 029/150 | train_loss=2.4227 acc=29.97% | val_loss=2.5955 val_acc=32.14%
2026-04-14 18:17:05 INFO hybrid_activity_recognition.training.trainer: Ep 030/150 | train_loss=2.3831 acc=30.45% | val_loss=2.6060 val_acc=33.57%
2026-04-14 18:17:05 INFO hybrid_activity_recognition.training.trainer: Early stopping (no improvement for 10 epochs).
2026-04-14 18:17:05 INFO __main__: test: acc=0.4079 macro_f1=0.0703
[2026-04-14T18:17:06-0300] supervised deep_only nopre_d128_l3_h4_p8_s8: done
[2026-04-14T18:17:06-0300] sem_pretreino: done
